<?xml version="1.0" encoding="UTF-8"?>
<!-- Generated by org.testng.reporters.JUnitReportReporter -->
<testsuite hostname="DESKTOP-7IK17HP" failures="0" tests="2" name="MavenPractise.MavenJavaExample.SeleniumMobileTest" time="0.001" errors="0" timestamp="2020-09-11T14:50:35 IST" skipped="0">
  <testcase classname="MavenPractise.MavenJavaExample.SeleniumMobileTest" name="mobileTestingProduct" time="0.000"/>
  <system-out/>
  <testcase classname="MavenPractise.MavenJavaExample.SeleniumMobileTest" name="mobileScreenTesingProduct" time="0.001"/>
  <system-out/>
</testsuite> <!-- MavenPractise.MavenJavaExample.SeleniumMobileTest -->
