<?xml version="1.0" encoding="UTF-8"?>
<!-- Generated by org.testng.reporters.JUnitReportReporter -->
<testsuite hostname="DESKTOP-7IK17HP" failures="0" tests="2" name="MavenPractise.MavenJavaExample.SeleniumExampleTest" time="0.007" errors="0" timestamp="2020-09-11T14:50:35 IST" skipped="0">
  <testcase classname="MavenPractise.MavenJavaExample.SeleniumExampleTest" name="browsertest" time="0.006"/>
  <system-out/>
  <testcase classname="MavenPractise.MavenJavaExample.SeleniumExampleTest" name="screenTest" time="0.001"/>
  <system-out/>
</testsuite> <!-- MavenPractise.MavenJavaExample.SeleniumExampleTest -->
