<?xml version="1.0" encoding="UTF-8"?>
<!-- Generated by org.testng.reporters.JUnitReportReporter -->
<testsuite hostname="DESKTOP-7IK17HP" failures="0" tests="1" name="allConcepts.End2End.ValidateTitle" time="0.118" errors="0" timestamp="2020-10-30T16:18:29 IST" skipped="0">
  <testcase classname="allConcepts.End2End.ValidateTitle" name="titleValidate" time="0.118"/>
  <system-out/>
</testsuite> <!-- allConcepts.End2End.ValidateTitle -->
