<?xml version="1.0" encoding="UTF-8"?>
<!-- Generated by org.testng.reporters.JUnitReportReporter -->
<testsuite hostname="DESKTOP-7IK17HP" failures="0" tests="2" name="allConcepts.End2End.HomePage" time="16.178" errors="0" timestamp="2020-10-30T16:18:29 IST" skipped="0">
  <testcase classname="allConcepts.End2End.HomePage" name="toScreen" time="12.837"/>
  <system-out/>
  <testcase classname="allConcepts.End2End.HomePage" name="toScreen" time="3.341"/>
  <system-out/>
</testsuite> <!-- allConcepts.End2End.HomePage -->
