<?xml version="1.0" encoding="UTF-8"?>
<!-- Generated by org.testng.reporters.JUnitReportReporter -->
<testsuite hostname="DESKTOP-7IK17HP" failures="0" tests="1" name="testng.concepts.Practise2" time="0.005" errors="0" timestamp="2020-08-31T17:17:59 IST" skipped="0">
  <testcase classname="testng.concepts.Practise2" name="newContent" time="0.005"/>
  <system-out/>
</testsuite> <!-- testng.concepts.Practise2 -->
