<?xml version="1.0" encoding="UTF-8"?>
<!-- Generated by org.testng.reporters.JUnitReportReporter -->
<testsuite hostname="DESKTOP-7IK17HP" failures="0" tests="3" name="testng.concepts.Practise1_TestNG" time="0.029" errors="0" timestamp="2020-08-29T12:41:50 IST" skipped="0">
  <testcase classname="testng.concepts.Practise1_TestNG" name="newCourseSec" time="0.009"/>
  <system-out/>
  <testcase classname="testng.concepts.Practise1_TestNG" name="testNgProgram" time="0.012"/>
  <system-out/>
  <testcase classname="testng.concepts.Practise1_TestNG" name="newCourse" time="0.008"/>
  <system-out/>
</testsuite> <!-- testng.concepts.Practise1_TestNG -->
