<?xml version="1.0" encoding="UTF-8"?>
<!-- Generated by org.testng.reporters.JUnitReportReporter -->
<testsuite hostname="DESKTOP-7IK17HP" failures="0" tests="1" name="MavenJenkinsEstablish.ExtentReportDemo" time="21.325" errors="0" timestamp="2020-09-24T12:25:50 IST" skipped="0">
  <testcase classname="MavenJenkinsEstablish.ExtentReportDemo" name="extentrEportDemo" time="21.325"/>
  <system-out/>
</testsuite> <!-- MavenJenkinsEstablish.ExtentReportDemo -->
